[25-09-2023 15:22:25.549 INFO com.facebook.home.Level_20_Element_Undisplayed] - Home_01 - Step 01: Click Create New Account Button
[25-09-2023 15:22:25.795 INFO com.facebook.home.Level_20_Element_Undisplayed] - Home_01 - Step 02: Verify First Name textbox is displayed
[25-09-2023 15:22:26.635 INFO com.facebook.home.Level_20_Element_Undisplayed] - ----------PASSED----------
[25-09-2023 15:22:26.635 INFO com.facebook.home.Level_20_Element_Undisplayed] - Home_01 - Step 03: Verify Sur Name textbox is displayed
[25-09-2023 15:22:26.699 INFO com.facebook.home.Level_20_Element_Undisplayed] - ----------PASSED----------
[25-09-2023 15:22:26.699 INFO com.facebook.home.Level_20_Element_Undisplayed] - Home_01 - Step 04: Verify Email textbox is displayed
[25-09-2023 15:22:26.780 INFO com.facebook.home.Level_20_Element_Undisplayed] - ----------PASSED----------
[25-09-2023 15:22:26.781 INFO com.facebook.home.Level_20_Element_Undisplayed] - Home_01 - Step 05: Verify Password textbox is displayed
[25-09-2023 15:22:26.845 INFO com.facebook.home.Level_20_Element_Undisplayed] - ----------PASSED----------
[25-09-2023 15:22:26.845 INFO com.facebook.home.Level_20_Element_Undisplayed] - Home_01 - Step 06: Enter to Email textbox
[25-09-2023 15:22:27.107 INFO com.facebook.home.Level_20_Element_Undisplayed] - Home_01 - Step 07: Verify Confirm Email textbox is displayed
[25-09-2023 15:22:27.195 INFO com.facebook.home.Level_20_Element_Undisplayed] - ----------PASSED----------
[25-09-2023 15:22:29.513 INFO com.facebook.home.Level_20_Element_Undisplayed] - Home_02 - Step 02: Verify Confirm Email textbox is not displayed
[25-09-2023 15:22:59.889 INFO com.facebook.home.Level_20_Element_Undisplayed] - Home_01 - Step 01: Click Create New Account Button
[25-09-2023 15:22:59.968 INFO com.facebook.home.Level_20_Element_Undisplayed] - Home_01 - Step 02: Verify First Name textbox is not displayed
[25-09-2023 15:23:00.000 INFO com.facebook.home.Level_20_Element_Undisplayed] - ----------FAILED----------
[25-09-2023 15:23:00.000 INFO com.facebook.home.Level_20_Element_Undisplayed] - Home_01 - Step 03: Verify Sur Name textbox is not displayed
[25-09-2023 15:23:00.030 INFO com.facebook.home.Level_20_Element_Undisplayed] - ----------FAILED----------
[25-09-2023 15:23:00.030 INFO com.facebook.home.Level_20_Element_Undisplayed] - Home_01 - Step 04: Verify Email textbox is not displayed
[25-09-2023 15:23:00.061 INFO com.facebook.home.Level_20_Element_Undisplayed] - ----------FAILED----------
[25-09-2023 15:23:00.061 INFO com.facebook.home.Level_20_Element_Undisplayed] - Home_01 - Step 05: Verify Password textbox is not displayed
[25-09-2023 15:23:00.093 INFO com.facebook.home.Level_20_Element_Undisplayed] - ----------FAILED----------
[25-09-2023 15:23:00.094 INFO com.facebook.home.Level_20_Element_Undisplayed] - Home_01 - Step 07: Verify Confirm Email textbox is not displayed
[25-09-2023 15:23:00.123 INFO com.facebook.home.Level_20_Element_Undisplayed] - ----------FAILED----------
